Determining if the pthread_create exist failed with the following output:
Change Dir: /home/fatih/rtr/ninja_build/CMakeFiles/CMakeTmp

Run Build Command:"/usr/bin/ninja" "cmTC_87124"
[1/2] Building C object CMakeFiles/cmTC_87124.dir/CheckSymbolExists.c.o
[2/2] Linking C executable cmTC_87124
FAILED: cmTC_87124 
: && /usr/bin/cc  -msse4.1   CMakeFiles/cmTC_87124.dir/CheckSymbolExists.c.o  -o cmTC_87124   && :
CMakeFiles/cmTC_87124.dir/CheckSymbolExists.c.o: In function `main':
CheckSymbolExists.c:(.text+0x16): undefined reference to `pthread_create'
collect2: error: ld returned 1 exit status
ninja: build stopped: subcommand failed.

File /home/fatih/rtr/ninja_build/CMakeFiles/CMakeTmp/CheckSymbolExists.c:
/* */
#include <pthread.h>

int main(int argc, char** argv)
{
  (void)argv;
#ifndef pthread_create
  return ((int*)(&pthread_create))[argc];
#else
  (void)argc;
  return 0;
#endif
}

Determining if the function pthread_create exists in the pthreads failed with the following output:
Change Dir: /home/fatih/rtr/ninja_build/CMakeFiles/CMakeTmp

Run Build Command:"/usr/bin/ninja" "cmTC_abd6a"
[1/2] Building C object CMakeFiles/cmTC_abd6a.dir/CheckFunctionExists.c.o
[2/2] Linking C executable cmTC_abd6a
FAILED: cmTC_abd6a 
: && /usr/bin/cc  -DCHECK_FUNCTION_EXISTS=pthread_create -msse4.1   CMakeFiles/cmTC_abd6a.dir/CheckFunctionExists.c.o  -o cmTC_abd6a  -lpthreads && :
/usr/bin/ld: cannot find -lpthreads
collect2: error: ld returned 1 exit status
ninja: build stopped: subcommand failed.


